<?xml version="1.0" encoding="UTF-8"?>
<testsuite name="com.icap.PrimeCaclServiceImpTest" time="0.293" tests="57" errors="0" skipped="0" failures="0">
  <properties>
[...]
</properties>
  <testcase name="testGetAllPrimesUsingForkJoinPool" classname="com.icap.PrimeCaclServiceImpTest" time="0.153"/>
  <testcase name="testGetAllPrimesUsingStream" classname="com.icap.PrimeCaclServiceImpTest" time="0.08"/>
  <testcase name="testGetAllPrimesUsingCompletableFuture" classname="com.icap.PrimeCaclServiceImpTest" time="0.03"/>
  <testcase name="testGetAllPrimesUsingExecutorService" classname="com.icap.PrimeCaclServiceImpTest" time="0.02"/>
  <testcase name="testGetAllPrimes" classname="com.icap.PrimeCaclServiceImpTest" time="0.01"/>
  <testcase name="[0] 0, false (testIsPrime)" classname="com.icap.PrimeCaclServiceImpTest" time="0"/>
  <testcase name="[1] 1, false (testIsPrime)" classname="com.icap.PrimeCaclServiceImpTest" time="0"/>
  <testcase name="[2] 2, true (testIsPrime)" classname="com.icap.PrimeCaclServiceImpTest" time="0"/>
  <testcase name="[3] 3, true (testIsPrime)" classname="com.icap.PrimeCaclServiceImpTest" time="0"/>
  <testcase name="[4] 4, false (testIsPrime)" classname="com.icap.PrimeCaclServiceImpTest" time="0"/>
  <testcase name="[5] 5, true (testIsPrime)" classname="com.icap.PrimeCaclServiceImpTest" time="0"/>
  <testcase name="[6] 6, false (testIsPrime)" classname="com.icap.PrimeCaclServiceImpTest" time="0"/>
  <testcase name="[7] 7, true (testIsPrime)" classname="com.icap.PrimeCaclServiceImpTest" time="0"/>
  <testcase name="[8] 8, false (testIsPrime)" classname="com.icap.PrimeCaclServiceImpTest" time="0"/>
  <testcase name="[9] 9, false (testIsPrime)" classname="com.icap.PrimeCaclServiceImpTest" time="0"/>
  <testcase name="[10] 10, false (testIsPrime)" classname="com.icap.PrimeCaclServiceImpTest" time="0"/>
  <testcase name="[11] 11, true (testIsPrime)" classname="com.icap.PrimeCaclServiceImpTest" time="0"/>
  <testcase name="[12] 12, false (testIsPrime)" classname="com.icap.PrimeCaclServiceImpTest" time="0"/>
  <testcase name="[13] 13, true (testIsPrime)" classname="com.icap.PrimeCaclServiceImpTest" time="0"/>
  <testcase name="[14] 14, false (testIsPrime)" classname="com.icap.PrimeCaclServiceImpTest" time="0"/>
  <testcase name="[15] 15, false (testIsPrime)" classname="com.icap.PrimeCaclServiceImpTest" time="0"/>
  <testcase name="[16] 16, false (testIsPrime)" classname="com.icap.PrimeCaclServiceImpTest" time="0"/>
  <testcase name="[17] 17, true (testIsPrime)" classname="com.icap.PrimeCaclServiceImpTest" time="0"/>
  <testcase name="[18] 18, false (testIsPrime)" classname="com.icap.PrimeCaclServiceImpTest" time="0"/>
  <testcase name="[19] 19, true (testIsPrime)" classname="com.icap.PrimeCaclServiceImpTest" time="0"/>
  <testcase name="[20] 20, false (testIsPrime)" classname="com.icap.PrimeCaclServiceImpTest" time="0"/>
  <testcase name="[21] 21, false (testIsPrime)" classname="com.icap.PrimeCaclServiceImpTest" time="0"/>
  <testcase name="[22] 22, false (testIsPrime)" classname="com.icap.PrimeCaclServiceImpTest" time="0"/>
  <testcase name="[23] 23, true (testIsPrime)" classname="com.icap.PrimeCaclServiceImpTest" time="0"/>
  <testcase name="[24] 24, false (testIsPrime)" classname="com.icap.PrimeCaclServiceImpTest" time="0"/>
  <testcase name="[25] 25, false (testIsPrime)" classname="com.icap.PrimeCaclServiceImpTest" time="0"/>
  <testcase name="[26] 26, false (testIsPrime)" classname="com.icap.PrimeCaclServiceImpTest" time="0"/>
  <testcase name="[27] 27, false (testIsPrime)" classname="com.icap.PrimeCaclServiceImpTest" time="0"/>
  <testcase name="[28] 28, false (testIsPrime)" classname="com.icap.PrimeCaclServiceImpTest" time="0"/>
  <testcase name="[29] 29, true (testIsPrime)" classname="com.icap.PrimeCaclServiceImpTest" time="0"/>
  <testcase name="[30] 30, false (testIsPrime)" classname="com.icap.PrimeCaclServiceImpTest" time="0"/>
  <testcase name="[31] 31, true (testIsPrime)" classname="com.icap.PrimeCaclServiceImpTest" time="0"/>
  <testcase name="[32] 32, false (testIsPrime)" classname="com.icap.PrimeCaclServiceImpTest" time="0"/>
  <testcase name="[33] 33, false (testIsPrime)" classname="com.icap.PrimeCaclServiceImpTest" time="0"/>
  <testcase name="[34] 34, false (testIsPrime)" classname="com.icap.PrimeCaclServiceImpTest" time="0"/>
  <testcase name="[35] 35, false (testIsPrime)" classname="com.icap.PrimeCaclServiceImpTest" time="0"/>
  <testcase name="[36] 36, false (testIsPrime)" classname="com.icap.PrimeCaclServiceImpTest" time="0"/>
  <testcase name="[37] 37, true (testIsPrime)" classname="com.icap.PrimeCaclServiceImpTest" time="0"/>
  <testcase name="[38] 38, false (testIsPrime)" classname="com.icap.PrimeCaclServiceImpTest" time="0"/>
  <testcase name="[39] 39, false (testIsPrime)" classname="com.icap.PrimeCaclServiceImpTest" time="0"/>
  <testcase name="[40] 40, false (testIsPrime)" classname="com.icap.PrimeCaclServiceImpTest" time="0"/>
  <testcase name="[41] 41, true (testIsPrime)" classname="com.icap.PrimeCaclServiceImpTest" time="0"/>
  <testcase name="[42] 42, false (testIsPrime)" classname="com.icap.PrimeCaclServiceImpTest" time="0"/>
  <testcase name="[43] 43, true (testIsPrime)" classname="com.icap.PrimeCaclServiceImpTest" time="0"/>
  <testcase name="[44] 44, false (testIsPrime)" classname="com.icap.PrimeCaclServiceImpTest" time="0"/>
  <testcase name="[45] 45, false (testIsPrime)" classname="com.icap.PrimeCaclServiceImpTest" time="0"/>
  <testcase name="[46] 46, false (testIsPrime)" classname="com.icap.PrimeCaclServiceImpTest" time="0"/>
  <testcase name="[47] 47, true (testIsPrime)" classname="com.icap.PrimeCaclServiceImpTest" time="0"/>
  <testcase name="[48] 48, false (testIsPrime)" classname="com.icap.PrimeCaclServiceImpTest" time="0"/>
  <testcase name="[49] 49, false (testIsPrime)" classname="com.icap.PrimeCaclServiceImpTest" time="0"/>
  <testcase name="[50] 49, false (testIsPrime)" classname="com.icap.PrimeCaclServiceImpTest" time="0"/>
  <testcase name="[51] 50, false (testIsPrime)" classname="com.icap.PrimeCaclServiceImpTest" time="0"/>
</testsuite>